<?xml version="1.0" encoding="UTF-8"?>
<testng-results ignored="0" total="1" passed="1" failed="0" skipped="0">
  <reporter-output>
  </reporter-output>
  <suite started-at="2022-11-19T22:59:51 GMT-08:00" name="Default suite" finished-at="2022-11-19T23:00:19 GMT-08:00" duration-ms="28523">
    <groups>
    </groups>
    <test started-at="2022-11-19T22:59:51 GMT-08:00" name="Default test" finished-at="2022-11-19T23:00:19 GMT-08:00" duration-ms="28523">
      <class name="Anusha.Anusha01">
        <test-method is-config="true" signature="launchBrowser()[pri:0, instance:Anusha.Anusha01@e15b7e8]" started-at="2022-11-19T22:59:51 GMT-08:00" name="launchBrowser" finished-at="2022-11-19T23:00:11 GMT-08:00" duration-ms="20199" status="PASS">
          <reporter-output>
          </reporter-output>
        </test-method> <!-- launchBrowser -->
        <test-method signature="Enterdetials()[pri:0, instance:Anusha.Anusha01@e15b7e8]" started-at="2022-11-19T23:00:11 GMT-08:00" name="Enterdetials" finished-at="2022-11-19T23:00:19 GMT-08:00" duration-ms="7436" status="PASS">
          <reporter-output>
          </reporter-output>
        </test-method> <!-- Enterdetials -->
        <test-method is-config="true" signature="close()[pri:0, instance:Anusha.Anusha01@e15b7e8]" started-at="2022-11-19T23:00:19 GMT-08:00" name="close" finished-at="2022-11-19T23:00:19 GMT-08:00" duration-ms="801" status="PASS">
          <reporter-output>
          </reporter-output>
        </test-method> <!-- close -->
      </class> <!-- Anusha.Anusha01 -->
    </test> <!-- Default test -->
  </suite> <!-- Default suite -->
</testng-results>
