<?xml version="1.0" encoding="UTF-8"?>
<testng-results ignored="0" total="1" passed="1" failed="0" skipped="0">
  <reporter-output>
  </reporter-output>
  <suite started-at="2022-11-27T12:41:40 IST" name="Default suite" finished-at="2022-11-27T12:42:07 IST" duration-ms="27126">
    <groups>
    </groups>
    <test started-at="2022-11-27T12:41:40 IST" name="Default test" finished-at="2022-11-27T12:42:07 IST" duration-ms="27126">
      <class name="Sign_up.Data_Drive">
        <test-method is-config="true" signature="launch_browser()[pri:0, instance:Sign_up.Data_Drive@6221a451]" started-at="2022-11-27T12:41:40 IST" name="launch_browser" finished-at="2022-11-27T12:41:50 IST" duration-ms="10164" status="PASS">
          <reporter-output>
          </reporter-output>
        </test-method> <!-- launch_browser -->
        <test-method signature="details(java.lang.String,java.lang.String)[pri:0, instance:Sign_up.Data_Drive@6221a451]" started-at="2022-11-27T12:41:57 IST" name="details" data-provider="logindata" finished-at="2022-11-27T12:42:07 IST" duration-ms="9106" status="PASS">
          <params>
            <param index="0">
              <value>
                <![CDATA[9629923516]]>
              </value>
            </param>
            <param index="1">
              <value>
                <![CDATA[35162442]]>
              </value>
            </param>
          </params>
          <reporter-output>
          </reporter-output>
        </test-method> <!-- details -->
      </class> <!-- Sign_up.Data_Drive -->
    </test> <!-- Default test -->
  </suite> <!-- Default suite -->
</testng-results>
